<?xml version="1.0" encoding="UTF-8"?>
<!-- Generated by org.testng.reporters.JUnitReportReporter -->
<testsuite hostname="VishalDESKTOPUB7VRDV" failures="0" tests="1" name="TestNG_Study.Sample2" time="0.010" errors="0" timestamp="2023-12-19T11:08:05 IST" skipped="0">
  <testcase classname="TestNG_Study.Sample2" name="Display1" time="0.010">
    <system-out>
      <![CDATA[Hi good morning]]>
    </system-out>
  </testcase> <!-- Display1 -->
  <system-out>
    <![CDATA[Hi good morning]]>
  </system-out>
</testsuite> <!-- TestNG_Study.Sample2 -->
