<?xml version="1.0" encoding="UTF-8"?>
<!-- Generated by org.testng.reporters.JUnitReportReporter -->
<testsuite hostname="VishalDESKTOPUB7VRDV" failures="0" tests="6" name="TestNG_Study.NewTestClass" time="0.024" errors="0" timestamp="2023-12-20T13:12:00 IST" skipped="0">
  <testcase classname="TestNG_Study.NewTestClass" name="validatePasward" time="0.014">
    <system-out>
      <![CDATA[validate Pasward done]]>
    </system-out>
  </testcase> <!-- validatePasward -->
  <testcase classname="TestNG_Study.NewTestClass" name="validateEmailId" time="0.002">
    <system-out>
      <![CDATA[validate EmailId done ]]>
    </system-out>
  </testcase> <!-- validateEmailId -->
  <testcase classname="TestNG_Study.NewTestClass" name="validateEmailId" time="0.002">
    <system-out>
      <![CDATA[validate EmailId done ]]>
    </system-out>
  </testcase> <!-- validateEmailId -->
  <testcase classname="TestNG_Study.NewTestClass" name="validateEmailId" time="0.002">
    <system-out>
      <![CDATA[validate EmailId done ]]>
    </system-out>
  </testcase> <!-- validateEmailId -->
  <testcase classname="TestNG_Study.NewTestClass" name="validateEmailId" time="0.002">
    <system-out>
      <![CDATA[validate EmailId done ]]>
    </system-out>
  </testcase> <!-- validateEmailId -->
  <testcase classname="TestNG_Study.NewTestClass" name="validateEmailId" time="0.002">
    <system-out>
      <![CDATA[validate EmailId done ]]>
    </system-out>
  </testcase> <!-- validateEmailId -->
  <system-out>
    <![CDATA[validate Pasward done
validate EmailId done 
validate EmailId done 
validate EmailId done 
validate EmailId done 
validate EmailId done ]]>
  </system-out>
</testsuite> <!-- TestNG_Study.NewTestClass -->
