<?xml version="1.0" encoding="UTF-8"?>
<!-- Generated by org.testng.reporters.JUnitReportReporter -->
<testsuite hostname="VishalDESKTOPUB7VRDV" failures="0" tests="2" name="TestNG_Study.Annotation_Study" time="0.011" errors="0" timestamp="2023-12-19T11:52:46 IST" skipped="0">
  <testcase classname="TestNG_Study.Annotation_Study" name="ValidateUserId" time="0.003">
    <system-out>
      <![CDATA[UserId Validation done]]>
    </system-out>
  </testcase> <!-- ValidateUserId -->
  <testcase classname="TestNG_Study.Annotation_Study" name="ValidatePin" time="0.008">
    <system-out>
      <![CDATA[Pin Validation done]]>
    </system-out>
  </testcase> <!-- ValidatePin -->
  <system-out>
    <![CDATA[Launch Browser-->@BeforeClass used
UserIdPaswardEntered Done---->@BeforeMethod
Pin Validation done
logout done
UserIdPaswardEntered Done---->@BeforeMethod
UserId Validation done
logout done
Closed Browser----> @AfterClass used]]>
  </system-out>
</testsuite> <!-- TestNG_Study.Annotation_Study -->
